d:\desktopfolder\c++\opengl\projekt_0.3\gra\debug\vc140.pdb
d:\desktopfolder\c++\opengl\projekt_0.3\gra\debug\vc140.idb
d:\desktopfolder\c++\opengl\projekt_0.3\gra\debug\main.obj
d:\desktopfolder\c++\opengl\projekt_0.3\gra\debug\camera.obj
d:\desktopfolder\c++\opengl\projekt_0.3\gra\debug\game.obj
d:\desktopfolder\c++\opengl\projekt_0.3\gra\debug\gameobject.obj
d:\desktopfolder\c++\opengl\projekt_0.3\gra\debug\keyboard.obj
d:\desktopfolder\c++\opengl\projekt_0.3\gra\debug\mouse.obj
d:\desktopfolder\c++\opengl\projekt_0.3\gra\debug\vector3.obj
d:\desktopfolder\c++\opengl\projekt_0.3\gra\debug\texturebmp.obj
d:\desktopfolder\c++\opengl\projekt_0.3\gra\debug\player.obj
d:\desktopfolder\c++\opengl\projekt_0.3\gra\debug\gra.ilk
d:\desktopfolder\c++\opengl\projekt_0.3\gra\debug\gra.exe
d:\desktopfolder\c++\opengl\projekt_0.3\gra\debug\gra.pdb
d:\desktopfolder\c++\opengl\projekt_0.3\gra\debug\gra.tlog\cl.command.1.tlog
d:\desktopfolder\c++\opengl\projekt_0.3\gra\debug\gra.tlog\cl.read.1.tlog
d:\desktopfolder\c++\opengl\projekt_0.3\gra\debug\gra.tlog\cl.write.1.tlog
d:\desktopfolder\c++\opengl\projekt_0.3\gra\debug\gra.tlog\link.command.1.tlog
d:\desktopfolder\c++\opengl\projekt_0.3\gra\debug\gra.tlog\link.read.1.tlog
d:\desktopfolder\c++\opengl\projekt_0.3\gra\debug\gra.tlog\link.write.1.tlog
