  Vector3.cpp
  Texture.cpp
  Player.cpp
d:\desktopfolder\c++\opengl\game\game_a\player.cpp(7): warning C4305: '=': truncation from 'double' to 'float'
d:\desktopfolder\c++\opengl\game\game_a\player.cpp(8): warning C4305: '=': truncation from 'double' to 'float'
  Mouse.cpp
d:\desktopfolder\c++\opengl\game\game_a\mouse.cpp(25): warning C4244: 'argument': conversion from 'int' to 'float', possible loss of data
  Model.cpp
  main.cpp
d:\desktopfolder\c++\opengl\game\game_a\main.cpp(32): warning C4244: 'argument': conversion from 'double' to 'unsigned int', possible loss of data
d:\desktopfolder\c++\opengl\game\game_a\main.cpp(80): warning C4244: 'argument': conversion from 'int' to 'GLfloat', possible loss of data
d:\desktopfolder\c++\opengl\game\game_a\main.cpp(100): warning C4244: 'argument': conversion from 'double' to 'unsigned int', possible loss of data
  Keyboard.cpp
  GameObject.cpp
  Game.cpp
d:\desktopfolder\c++\opengl\game\game_a\game.cpp(39): warning C4305: 'argument': truncation from 'double' to 'float'
d:\desktopfolder\c++\opengl\game\game_a\game.cpp(40): warning C4305: 'argument': truncation from 'double' to 'float'
  Camera.cpp
  Generating Code...
  gra.vcxproj -> D:\DesktopFolder\c++\openGL\game\game_a\Debug\gra.exe
